00000000 a __dldi_lma
00000000 a __end__
00000000 A __sync_synchronize
01ff8000 t __itcm_start
01ff8038 00000018 T __excpt_vectors
01ff8050 0000007c T threadSwitchTo
01ff80cc 000000d4 T threadBlock
01ff81a0 000000d4 T threadUnblockOneByValue
01ff8274 00000138 T threadUnblockAllByValue
01ff83ac 000000f0 T threadUnblockAllByMask
01ff849c 0000002c T armContextSave
01ff84c8 00000020 T armContextLoad
01ff84cc T armContextLoadFromSvc
01ff84e8 00000008 T armWaitForIrq
01ff84f0 0000000c T armDrainWriteBuffer
01ff84fc 00000028 T armDCacheFlushAll
01ff8524 0000001c T armDCacheFlush
01ff8540 0000000c T armICacheInvalidateAll
01ff854c 00000004 t __arm_excpt_rst
01ff8550 00000004 t __arm_excpt_pabt
01ff8554 0000000c t __arm_excpt_und
01ff8560 0000000c t __arm_excpt_dabt
01ff856c 00000030 t __excpt_entry
01ff859c 000000e4 t __arm_excpt_irq
01ff8680 t __itcm_end
02001000 t __crt0_start
02001000 00000060 t __ds9_bootstub_trampoline
02001060 00000074 T crt0ProcessLoadList
020010d4 00000180 T crt0Startup
02001254 0000004c T crt0CopyMem32
020012a0 00000058 T crt0FillMem32
020012f8 000000b4 T crt0SetupMPU
020013c0 t __crt0_end
020013c0 t __main_start
020013c0 T _init
020013cc 00000022 T exit
020013f0 00000048 T main
02001438 t __do_global_dtors_aux
02001464 t frame_dummy
02001488 00000130 T initPlayer()
020015b8 00000060 T updatePlayer()
02001618 00000094 T drawPlayer()
020016ac 00000078 t _mmPxiHandler
02001724 0000007c t _mmCreateEffectHandle
020017a0 00000078 T mmInit
02001818 00000010 T mmSelectMode
02001828 00000080 T mmEffectEx
020018a8 000000c0 T mmInitDefaultMem
02001968 000000e8 t newRow
02001a50 000000e0 T consolePrintChar
02001b30 0000034c T con_write
02001e7c 000002e4 T consoleLoadFont
02002160 00000170 T consoleInit
020022d0 00000040 T consoleDemoInit
02002310 0000006c T scanKeys
0200237c 0000000c T keysHeld
02002388 0000001a T oamAllocReset
020023a4 00000578 T oamAllocateGfx
0200291c 00000124 T oamInit
02002a40 00000034 T oamGetGfxPtr
02002a74 00000034 T oamGfxPtrToOffset
02002aa8 000000fe T oamSet
02002ba8 0000006c T oamUpdate
02002c14 0000004c T sinLutLookup
02002c60 00000038 T sinLerp
02002c98 00000044 T cosLerp
02002cdc 0000006c T checkIfText
02002d48 000000e8 T bgUpdate
02002e30 000000a8 T bgInit_call
02002ed8 000000b0 T bgInitSub_call
02002f88 0000001c t _tickCountIsr
02002fa4 00000084 t _tickTaskSchedule.part.0.isra.0
02003028 000000a0 T tickInit
020030c8 0000005c T tickGetCount
02003124 00000110 t _tickTaskIsr
02003234 00000144 T tickTaskStart
02003378 00000010 t _threadTickTask
02003388 000000a0 T threadExit
02003428 00000098 T _threadInit
020034c0 00000134 T threadPrepare
020035f4 00000094 T threadStart
02003688 000000a4 T threadIrqWait
0200372c 00000058 T threadSleepTicks
02003784 000001d4 T threadUpdateDynamicPrio
02003958 00000148 t threadRemoveWaiter
02003aa0 00000138 T mutexLock
02003bd8 000000bc T mutexUnlock
02003c94 00000004 t _pxiMailboxHandler
02003c98 00000004 W _pxiRecvUnhandled
02003c9c 00000154 t _pxiRecvIrqHandler
02003df0 00000058 T _pxiInit
02003e48 00000074 T pxiSetHandler
02003ebc 00000068 T pxiSetMailbox
02003f24 00000038 T pxiWaitRemote
02003f5c 00000050 T pxiSendPacket
02003fac 00000098 T pxiSendExtPacket
02004044 00000028 T keypadGetState
0200406c 00000058 T touchRead
020040c4 00000070 t _soundPxiCheckCredits
02004134 0000003c t _soundPxiHandler
02004170 00000064 T soundInit
020041d4 0000002c T soundSetMixerSleep
02004200 00000064 T irqSet
02004264 00000098 T mailboxTrySend
020042fc 00000098 T mailboxRecv
02004394 00000014 T __syscall_getreent
020043a8 00000024 T __errno
020043cc 00000004 T __syscall_lock_acquire
020043d0 00000004 T __syscall_lock_release
020043d4 0000004c T __syscall_lock_acquire_recursive
02004420 00000018 T __syscall_lock_release_recursive
02004438 00000004 W systemUserStartup
0200443c 00000110 W systemStartup
0200454c 00000040 t _pmCallEventHandlers
0200458c 0000009c t _pmPxiThreadMain
02004628 00000028 t _pmResetPxiHandler
02004650 00000004 W systemUserExit
02004654 00000004 W systemErrorExit
02004658 00000138 T __syscall_exit
02004790 00000058 T pmInit
020047e8 T __aeabi_idiv
020047e8 00000130 T __divsi3
020047f0 t .divsi3_skip_div0_test
02004918 00000020 T __aeabi_idivmod
02004938 00000002 W __aeabi_idiv0
02004938 00000002 W __aeabi_ldiv0
0200493c T __aeabi_uldivmod
02004978 00000192 T __udivmoddi4
02004998 a __crt0_lma
02004b0c 00000028 T __clzdi2
02004b34 00000048 T __clzsi2
02004b7c 000000aa T memcpy
02004c28 0000008c T memset
02004cb4 00000018 T realloc
02004ccc 00000550 T _malloc_r
02004d58 a __itcm_lma
02004d58 a __loadlist_lma
0200521c 000000ac T _malloc_trim_r
020052c8 000001d8 T _free_r
020054a0 000001ac T setvbuf
0200564c 00000020 t stdio_exit_handler
0200566c 00000040 t cleanup_stdio
020056ac 00000120 t global_stdio_init.part.0
020057cc 0000003c T __sinit
02005808 00000014 T __sfp_lock_acquire
0200581c 00000014 T __sfp_lock_release
02005830 00000052 T __libc_init_array
02005884 00000026 T malloc
020058ac 00000014 T free
020058c0 00000050 T siscanf
02005910 00000034 T __sread
02005944 00000004 T __seofread
02005948 0000004c T __swrite
02005994 0000003c T __sseek
020059d0 00000010 T __sclose
020059e0 00000344 T _realloc_r
02005d24 00000014 T __malloc_lock
02005d38 00000014 T __malloc_unlock
02005d4c 000000de T _fclose_r
02005e2c 0000000c W __call_exitprocs
02005e38 0000002e T __libc_fini_array
02005e68 00000060 T strlen
02005ec8 0000004c T _fwalk_sglue
02005f14 00000118 T _memalign_r
0200602c 0000005c T __swhatbuf_r
02006088 00000020 T __locale_mb_cur_max
020060a8 00000180 T __sflush_r
02006228 0000006e T _fflush_r
02006298 0000003e t get_arg
020062d6 0000007e T _sungetc_r
02006354 00000042 T __ssrefill_r
02006396 00000088 T _sfread_r
02006420 000019d6 T __ssvfiscanf_r
02007df8 0000025c t _strtol_l.part.0
02008054 00000034 T _strtol_r
02008088 00000106 T memmove
02008190 000000bc T __utf8_wctomb
0200824c 0000000e T iswspace
0200825c 000001c0 t _strtoull_l.isra.0
0200841c 00000020 T _strtoull_r
0200843c 00000150 t _strtoul_l.isra.0
0200858c 00000020 T _strtoul_r
020085ac 0000007c T __submore
02008628 0000024a T __utf8_mbtowc
02008874 0000009c T _mbrtowc_r
02008910 000000b0 T __sccl
020089c0 00000300 t _strtoll_l.isra.0
02008cc0 00000020 T _strtoll_r
02008ce0 00000028 T iswspace_l
02008d08 0000005c T category
02008d64 00000014 T _exit
02008d78 0000005a T _fstat_r
02008dd4 00000020 T __getreent
02008df4 00000034 T __get_handle
02008e28 000000ae T _close_r
02008ed8 00000004 t null_write
02008edc 00000062 T _lseek_r
02008f40 0000005a T _read_r
02008f9c 00000050 W _sbrk_r
02008fec 00000018 T __libc_lock_acquire
02009004 00000018 T __libc_lock_release
0200901c 00000018 T __libc_lock_acquire_recursive
02009034 00000018 T __libc_lock_release_recursive
0200904c 0000005a T _write_r
020090a8 00000012 T __gnu_thumb1_case_uqi
020090bc 00000014 T __gnu_thumb1_case_uhi
020090d0 t .udivsi3_skip_div0_test
020090d0 T __aeabi_uidiv
020090d0 000000fc T __udivsi3
020091cc 00000020 T __aeabi_uidivmod
020091ec 00000056 T __aeabi_lmul
020091ec 00000056 T __muldi3
02009244 T _fini
02009250 00000008 t ____aeabi_idiv0_from_arm
02009258 00000008 t ____aeabi_ldiv0_from_arm
02009260 T soundbank_bin
020f388c 00000200 T player_sprite_downPal
020f388c T soundbank_bin_end
020f3a8c 00000100 T player_sprite_downTiles
020f3b8c 00000100 T player_sprite_leftTiles
020f3c8c 00000100 T player_sprite_rightTiles
020f3d8c 00000100 T player_sprite_upTiles
020f3ff4 00000080 t dotab_stdout
020f4074 00000102 T SIN_LUT
020f4178 T default_font_bin
020f4978 00000022 t basefix.0
020f4978 T default_font_bin_end
020f499c 00000101 T _ctype_
020f4aa0 000037f8 t categories
020f8298 00000080 T dotab_stdnull
020f8318 00000004 d playerY
020f831c 00000004 d playerX
020f8320 00000001 d firstConsoleInit.0
020f8324 00000004 D currentConsole
020f8328 0000005c D defaultConsole
020f8384 00000001 d count
020f8385 00000001 d repeat
020f8386 00000001 d delay
020f8388 00000018 D oamMain
020f83a0 00000020 D bgTransform
020f83c0 00000020 D bgScrollTable
020f83e0 00000020 D bgControl
020f8400 00000004 D __malloc_sbrk_base
020f8404 00000004 D __malloc_trim_threshold
020f8408 00000408 D __malloc_av_
020f8810 0000000c D __sglue
020f881c 00000004 D _impure_ptr
020f8820 00000200 D _impure_data
020f8a20 00000254 D __global_locale
020f8c78 00001000 d handles
020f9c78 0000000c d __stderr_handle
020f9c84 0000000c d __stdout_handle
020f9c90 0000000c d __stdin_handle
020f9c9c 0000008c D devoptab_list
020f9d28 r __EH_FRAME_BEGIN__
020f9d28 r __FRAME_END__
020f9d2c r __tls_info
020f9d38 d __frame_dummy_init_array_entry
020f9d38 d __init_array_start
020f9d38 d __preinit_array_end
020f9d38 d __preinit_array_start
020f9d3c d __do_global_dtors_aux_fini_array_entry
020f9d3c d __fini_array_start
020f9d3c d __init_array_end
020f9d40 d __fini_array_end
020f9d40 d __main_end
020f9d40 ? __tls_end
020f9d40 ? __tls_start
020f9d40 b completed.1
020f9d44 b object.0
020f9d5c 00000001 b dir
020f9d60 00000004 b gfxRight
020f9d64 00000004 b gfxLeft
020f9d68 00000004 b gfxDown
020f9d6c 00000004 b gfxUp
020f9d70 00000012 b s_mmEffState
020f9d84 00000004 b s_mmCallback
020f9d88 00000001 b s_mmActiveStatus
020f9d8c 00000010 B s_mmState
020f9d9c 00000004 b s_mmLoader
020f9da0 0000005c B currentCopy
020f9dfc 00000002 b keysrepeat
020f9e00 00000004 b s_keypad
020f9e04 00000400 B OamMemory
020fa204 00000008 B bgIsTextLut
020fa20c 00000140 B bgState
020fa34c 00000004 b s_firstTask
020fa350 00000008 b s_highTickCount
020fa358 00000001 b s_tickInit
020fa35c 00000008 b s_sleepThreads
020fa364 00000008 b s_joinThreads
020fa36c 00000070 b s_idleThread
020fa3dc 00000070 b s_mainThread
020fa44c 000001f0 b s_pxiChannels
020fa63c 00000004 b s_pxiRecvState
020fa640 00000008 b s_pxiRecvQueue
020fa648 00000004 b s_pxiSendMutex
020fa64c 00000002 b s_soundPxiCredits
020fa650 00000008 b s_soundPxiCreditWaitList
020fa658 00000001 b s_soundInit
020fa65c 00000008 b s_mailboxRecvQueue
020fa664 00000004 b s_defaultErrno.0
020fa668 00000004 V __stacksize__
020fa66c 00000001 B g_isTwlMode
020fa670 00000200 b s_pmPxiThreadStack
020fa870 00000070 b s_pmPxiThread
020fa8e0 00000008 b s_pmState
020fa8e8 00000028 B __malloc_current_mallinfo
020fa910 00000004 B __malloc_max_total_mem
020fa914 00000004 B __malloc_max_sbrked_mem
020fa918 00000004 B __malloc_top_pad
020fa91c 0000000c b __sfp_recursive_mutex
020fa928 00000168 B __sf
020faa90 00000004 B __stdio_exit_handler
020faa94 0000000c b __malloc_recursive_mutex
020faaa0 00000004 b __hndl_lock
020faaa4 00000004 B fake_heap_start
020faaa8 00000004 B fake_heap_end
020faaac 00000004 b heap_start.0
020faab0 b __heap_start_ntr
020faab0 b __main_bss_end
020faac0 r __heap_start_twl
020faac0 ? __twl_bss_end
020faac0 ? __twl_end
020faac0 ? __twl_start
020fdd58 a __loadlist_start
020fdd88 a __loadlist_end
02400000 a __twl_lma
02400000 a __twl_loadlist_lma
02400000 a __twl_loadlist_start
0240000c a __twl_loadlist_end
02ff0000 ? __dtcm_end
02ff0000 ? __dtcm_start
02ff0000 00000080 B __irq_table
02ff0080 00000018 B __sched_state
02ff0098 b __dtcm_bss_end
02ff3e80 d __sp_usr
02ff3f80 a __sp_irq
02ff3fc0 a __sp_svc
02ff3ff8 a __irq_flags
0e000800 00000198 T __ds9_bootstub
ffff0008 a __arm_excpt_svc
