00000000 a __dldi_lma
00000000 a __end__
00000000 A __sync_synchronize
01ff8000 t __itcm_start
01ff8038 00000018 T __excpt_vectors
01ff8050 0000007c T threadSwitchTo
01ff80cc 000000d4 T threadBlock
01ff81a0 000000d4 T threadUnblockOneByValue
01ff8274 00000138 T threadUnblockAllByValue
01ff83ac 000000f0 T threadUnblockAllByMask
01ff849c 0000002c T armContextSave
01ff84c8 00000020 T armContextLoad
01ff84cc T armContextLoadFromSvc
01ff84e8 00000008 T armWaitForIrq
01ff84f0 0000000c T armDrainWriteBuffer
01ff84fc 00000028 T armDCacheFlushAll
01ff8524 0000001c T armDCacheFlush
01ff8540 0000000c T armICacheInvalidateAll
01ff854c 00000004 t __arm_excpt_rst
01ff8550 00000004 t __arm_excpt_pabt
01ff8554 0000000c t __arm_excpt_und
01ff8560 0000000c t __arm_excpt_dabt
01ff856c 00000030 t __excpt_entry
01ff859c 000000e4 t __arm_excpt_irq
01ff8680 t __itcm_end
02001000 t __crt0_start
02001000 00000060 t __ds9_bootstub_trampoline
02001060 00000074 T crt0ProcessLoadList
020010d4 00000180 T crt0Startup
02001254 0000004c T crt0CopyMem32
020012a0 00000058 T crt0FillMem32
020012f8 000000b4 T crt0SetupMPU
020013c0 t __crt0_end
020013c0 T _init
020013c0 t __main_start
020013cc 00000022 T exit
020013f0 000000b0 T main
020014a0 t __do_global_dtors_aux
020014cc t frame_dummy
020014f0 0000001c T startDialog(char const**, int)
0200150c 0000003c T updateDialog(GameState&)
02001548 00000064 T drawDialog()
020015ac 000000b4 T initHouse()
02001660 00000108 T initNPC()
02001768 0000005c T checkNPCInteraction(GameState&)
020017c4 00000058 T drawNPC()
0200181c 00000110 T initPlayer()
0200192c 0000005c T updatePlayer()
02001988 00000084 T drawPlayer()
02001a0c 00000078 t _mmPxiHandler
02001a84 0000007c t _mmCreateEffectHandle
02001b00 00000078 T mmInit
02001b78 00000080 T mmEffectEx
02001bf8 00000080 t _mmLoadSample
02001c78 000000c0 T mmInitDefaultMem
02001d38 0000003c T mmLoadEffect
02001d74 0000006c T checkIfText
02001de0 000000e8 T bgUpdate
02001ec8 000000a8 T bgInit_call
02001f70 000000b0 T bgInitSub_call
02002020 000000e8 t newRow
02002108 000000e0 T consolePrintChar
020021e8 0000034c T con_write
02002534 000002e4 T consoleLoadFont
02002818 00000170 T consoleInit
02002988 00000040 T consoleDemoInit
020029c8 00000010 T consoleClear
020029d8 0000006c T scanKeys
02002a44 0000000c T keysHeld
02002a50 00000010 T keysDown
02002a60 0000001a T oamAllocReset
02002a7c 00000578 T oamAllocateGfx
02002ff4 00000124 T oamInit
02003118 00000034 T oamGetGfxPtr
0200314c 00000034 T oamGfxPtrToOffset
02003180 000000fe T oamSet
02003280 0000006c T oamUpdate
020032ec 0000004c T sinLutLookup
02003338 00000038 T sinLerp
02003370 00000044 T cosLerp
020033b4 0000001c t _tickCountIsr
020033d0 00000084 t _tickTaskSchedule.part.0.isra.0
02003454 000000a0 T tickInit
020034f4 0000005c T tickGetCount
02003550 00000110 t _tickTaskIsr
02003660 00000144 T tickTaskStart
020037a4 00000010 t _threadTickTask
020037b4 000000a0 T threadExit
02003854 00000098 T _threadInit
020038ec 00000134 T threadPrepare
02003a20 00000094 T threadStart
02003ab4 000000a4 T threadIrqWait
02003b58 00000058 T threadSleepTicks
02003bb0 000001d4 T threadUpdateDynamicPrio
02003d84 00000148 t threadRemoveWaiter
02003ecc 00000138 T mutexLock
02004004 000000bc T mutexUnlock
020040c0 00000004 t _pxiMailboxHandler
020040c4 00000004 W _pxiRecvUnhandled
020040c8 00000154 t _pxiRecvIrqHandler
0200421c 00000058 T _pxiInit
02004274 00000074 T pxiSetHandler
020042e8 00000068 T pxiSetMailbox
02004350 00000038 T pxiWaitRemote
02004388 00000050 T pxiSendPacket
020043d8 00000098 T pxiSendExtPacket
02004470 00000028 T keypadGetState
02004498 00000058 T touchRead
020044f0 00000070 t _soundPxiCheckCredits
02004560 0000003c t _soundPxiHandler
0200459c 00000064 T soundInit
02004600 0000002c T soundSetMixerSleep
0200462c 00000064 T irqSet
02004690 00000098 T mailboxTrySend
02004728 00000098 T mailboxRecv
020047c0 00000014 T __syscall_getreent
020047d4 00000024 T __errno
020047f8 00000004 T __syscall_lock_acquire
020047fc 00000004 T __syscall_lock_release
02004800 0000004c T __syscall_lock_acquire_recursive
0200484c 00000018 T __syscall_lock_release_recursive
02004864 00000004 W systemUserStartup
02004868 00000110 W systemStartup
02004978 00000040 t _pmCallEventHandlers
02004998 a __crt0_lma
020049b8 0000009c t _pmPxiThreadMain
02004a54 00000028 t _pmResetPxiHandler
02004a7c 00000004 W systemUserExit
02004a80 00000004 W systemErrorExit
02004a84 00000138 T __syscall_exit
02004bbc 00000058 T pmInit
02004c14 T __aeabi_idiv
02004c14 00000130 T __divsi3
02004c1c t .divsi3_skip_div0_test
02004d44 00000020 T __aeabi_idivmod
02004d58 a __itcm_lma
02004d58 a __loadlist_lma
02004d64 00000002 W __aeabi_idiv0
02004d64 00000002 W __aeabi_ldiv0
02004d68 T __aeabi_uldivmod
02004da4 00000192 T __udivmoddi4
02004f38 00000028 T __clzdi2
02004f60 00000048 T __clzsi2
02004fa8 000000aa T memcpy
02005054 0000008c T memset
020050e0 00000018 T realloc
020050f8 00000550 T _malloc_r
02005648 000000ac T _malloc_trim_r
020056f4 000001d8 T _free_r
020058cc 000001ac T setvbuf
02005a78 00000020 t stdio_exit_handler
02005a98 00000040 t cleanup_stdio
02005ad8 00000120 t global_stdio_init.part.0
02005bf8 0000003c T __sinit
02005c34 00000014 T __sfp_lock_acquire
02005c48 00000014 T __sfp_lock_release
02005c5c 00000052 T __libc_init_array
02005cb0 00000026 T malloc
02005cd8 00000014 T free
02005cec 00000050 T siscanf
02005d3c 00000034 T __sread
02005d70 00000004 T __seofread
02005d74 0000004c T __swrite
02005dc0 0000003c T __sseek
02005dfc 00000010 T __sclose
02005e0c 00000344 T _realloc_r
02006150 00000026 T iprintf
02006178 00000014 T __malloc_lock
0200618c 00000014 T __malloc_unlock
020061a0 000000de T _fclose_r
02006280 0000000c W __call_exitprocs
0200628c 0000002e T __libc_fini_array
020062bc 00000404 t get_arg
020066c0 000016d6 T _vfiprintf_r
02007d98 0000007c t __sbprintf
02007e14 00000060 T strlen
02007e74 0000004c T _fwalk_sglue
02007ec0 00000088 T _wcrtomb_r
02007f48 00000118 T _memalign_r
02008060 000000e0 T __smakebuf_r
02008140 0000005c T __swhatbuf_r
0200819c 00000020 T __locale_mb_cur_max
020081bc 00000180 T __sflush_r
0200833c 0000006e T _fflush_r
020083ac 00000024 T __sprint_r
020083d0 0000003e t get_arg
0200840e 0000007e T _sungetc_r
0200848c 00000042 T __ssrefill_r
020084ce 00000088 T _sfread_r
02008558 000019d6 T __ssvfiscanf_r
02009f30 0000025c t _strtol_l.part.0
0200a18c 00000034 T _strtol_r
0200a1c0 00000068 T strncpy
0200a228 00000074 T memchr
0200a29c 0000001e T _wcsrtombs_r
0200a2bc 000000d2 T __swsetup_r
0200a390 00000020 T _localeconv_r
0200a3b0 00000106 T memmove
0200a4b8 000000bc T __utf8_wctomb
0200a574 0000011e T _wcsnrtombs_l
0200a694 00000040 T _wcsnrtombs_r
0200a6d4 0000000e T iswspace
0200a6e4 000001c0 t _strtoull_l.isra.0
0200a8a4 00000020 T _strtoull_r
0200a8c4 00000150 t _strtoul_l.isra.0
0200aa14 00000020 T _strtoul_r
0200aa34 0000007c T __submore
0200aab0 0000024a T __utf8_mbtowc
0200acfc 0000009c T _mbrtowc_r
0200ad98 0000031a T __sfvwrite_r
0200b0b4 000000b0 T __sccl
0200b164 00000300 t _strtoll_l.isra.0
0200b464 00000020 T _strtoll_r
0200b484 00000028 T iswspace_l
0200b4ac 0000005c T category
0200b508 00000014 T _exit
0200b51c 0000005a T _fstat_r
0200b578 00000020 T __getreent
0200b598 00000034 T __get_handle
0200b5cc 000000ae T _close_r
0200b67c 00000004 t null_write
0200b680 00000004 T _isatty_r
0200b684 00000062 T _lseek_r
0200b6e8 0000005a T _read_r
0200b744 00000050 W _sbrk_r
0200b794 00000018 T __libc_lock_acquire
0200b7ac 00000018 T __libc_lock_release
0200b7c4 00000018 T __libc_lock_acquire_recursive
0200b7dc 00000018 T __libc_lock_release_recursive
0200b7f4 0000005a T _write_r
0200b850 00000012 T __gnu_thumb1_case_uqi
0200b864 00000014 T __gnu_thumb1_case_uhi
0200b878 T __aeabi_uidiv
0200b878 000000fc T __udivsi3
0200b878 t .udivsi3_skip_div0_test
0200b974 00000020 T __aeabi_uidivmod
0200b994 00000056 T __aeabi_lmul
0200b994 00000056 T __muldi3
0200b9ec T _fini
0200b9f8 00000008 t ____aeabi_idiv0_from_arm
0200ba00 00000008 t ____aeabi_ldiv0_from_arm
0200ba08 T soundbank_bin
020f6034 T soundbank_bin_end
020f6170 00000200 T house_imagePal
020f6370 0000c000 T house_imageBitmap
02102370 00000200 T player_sprite_downPal
02102570 00000100 T player_sprite_downTiles
02102670 00000100 T player_sprite_leftTiles
02102770 00000100 T player_sprite_rightTiles
02102870 00000100 T player_sprite_upTiles
02102a44 00000080 t dotab_stdout
02102ac4 00000102 T SIN_LUT
02102bc8 T default_font_bin
021033c8 T default_font_bin_end
021033f4 00000010 t zeroes.0
02103404 00000010 t blanks.1
02103414 0000006c T __action_table
02103480 0000006c T __state_table
021034ec 00000100 T __chclass
021035ec 00000022 t basefix.0
02103610 00000101 T _ctype_
02103714 000037f8 t categories
02106f0c 00000080 T dotab_stdnull
02106f90 00000008 d npcDialog
02106f98 00000004 D npcY
02106f9c 00000004 D npcX
02106fa0 00000004 D playerY
02106fa4 00000004 D playerX
02106fa8 00000020 D bgTransform
02106fc8 00000020 D bgScrollTable
02106fe8 00000020 D bgControl
02107008 00000001 d firstConsoleInit.0
0210700c 00000004 D currentConsole
02107010 0000005c D defaultConsole
0210706c 00000001 d count
0210706d 00000001 d repeat
0210706e 00000001 d delay
02107070 00000018 D oamMain
02107088 00000004 D __malloc_sbrk_base
0210708c 00000004 D __malloc_trim_threshold
02107090 00000408 D __malloc_av_
02107498 0000000c D __sglue
021074a4 00000004 D _impure_ptr
021074a8 00000200 D _impure_data
021076a8 00000254 D __global_locale
02107900 00001000 d handles
02108900 0000000c d __stderr_handle
0210890c 0000000c d __stdout_handle
02108918 0000000c d __stdin_handle
02108924 0000008c D devoptab_list
021089b0 r __EH_FRAME_BEGIN__
021089b0 r __FRAME_END__
021089b4 r __tls_info
021089c0 d __frame_dummy_init_array_entry
021089c0 d __init_array_start
021089c0 d __preinit_array_end
021089c0 d __preinit_array_start
021089c4 d __do_global_dtors_aux_fini_array_entry
021089c4 d __fini_array_start
021089c4 d __init_array_end
021089c8 b completed.1
021089c8 d __fini_array_end
021089c8 d __main_end
021089c8 ? __tls_end
021089c8 ? __tls_start
021089cc b object.0
021089e4 00000004 b currentLine
021089e8 00000004 b lineCount
021089ec 00000004 b dialogLines
021089f0 00000004 b gfxRight
021089f4 00000004 b gfxDown
021089f8 00000004 b gfxUp
021089fc 00000001 b dir
02108a00 00000004 b gfxRight
02108a04 00000004 b gfxLeft
02108a08 00000004 b gfxDown
02108a0c 00000004 b gfxUp
02108a10 00000012 b s_mmEffState
02108a24 00000004 b s_mmCallback
02108a28 00000001 b s_mmActiveStatus
02108a2c 00000010 B s_mmState
02108a3c 00000004 b s_mmLoader
02108a40 00000008 B bgIsTextLut
02108a48 00000140 B bgState
02108b88 0000005c B currentCopy
02108be4 00000002 b keysrepeat
02108be8 00000004 b s_keypad
02108bec 00000400 B OamMemory
02108fec 00000004 b s_firstTask
02108ff0 00000008 b s_highTickCount
02108ff8 00000001 b s_tickInit
02108ffc 00000008 b s_sleepThreads
02109004 00000008 b s_joinThreads
0210900c 00000070 b s_idleThread
0210907c 00000070 b s_mainThread
021090ec 000001f0 b s_pxiChannels
021092dc 00000004 b s_pxiRecvState
021092e0 00000008 b s_pxiRecvQueue
021092e8 00000004 b s_pxiSendMutex
021092ec 00000002 b s_soundPxiCredits
021092f0 00000008 b s_soundPxiCreditWaitList
021092f8 00000001 b s_soundInit
021092fc 00000008 b s_mailboxRecvQueue
02109304 00000004 b s_defaultErrno.0
02109308 00000004 V __stacksize__
0210930c 00000001 B g_isTwlMode
02109310 00000200 b s_pmPxiThreadStack
02109510 00000070 b s_pmPxiThread
02109580 00000008 b s_pmState
02109588 00000028 B __malloc_current_mallinfo
021095b0 00000004 B __malloc_max_total_mem
021095b4 00000004 B __malloc_max_sbrked_mem
021095b8 00000004 B __malloc_top_pad
021095bc 0000000c b __sfp_recursive_mutex
021095c8 00000168 B __sf
02109730 00000004 B __stdio_exit_handler
02109734 0000000c b __malloc_recursive_mutex
02109740 00000004 b __hndl_lock
02109744 00000004 B fake_heap_start
02109748 00000004 B fake_heap_end
0210974c 00000004 b heap_start.0
02109750 b __heap_start_ntr
02109750 b __main_bss_end
02109760 r __heap_start_twl
02109760 ? __twl_bss_end
02109760 ? __twl_end
02109760 ? __twl_start
0210c9e0 a __loadlist_start
0210ca10 a __loadlist_end
02400000 a __twl_lma
02400000 a __twl_loadlist_lma
02400000 a __twl_loadlist_start
0240000c a __twl_loadlist_end
02ff0000 ? __dtcm_end
02ff0000 ? __dtcm_start
02ff0000 00000080 B __irq_table
02ff0080 00000018 B __sched_state
02ff0098 b __dtcm_bss_end
02ff3e80 d __sp_usr
02ff3f80 a __sp_irq
02ff3fc0 a __sp_svc
02ff3ff8 a __irq_flags
0e000800 00000198 T __ds9_bootstub
ffff0008 a __arm_excpt_svc
